<?xml version="1.0" encoding="UTF-8"?>
<testsuite xmlns:xsi="http://www.w3.org/2001/XMLSchema-instance" xsi:noNamespaceSchemaLocation="https://maven.apache.org/surefire/maven-surefire-plugin/xsd/surefire-test-report.xsd" name="testing.Testing" time="0.117" tests="18" errors="0" skipped="0" failures="0">
  <properties>
    <property name="java.specification.version" value="17"/>
    <property name="sun.cpu.isalist" value="amd64"/>
    <property name="sun.jnu.encoding" value="Cp1251"/>
    <property name="java.class.path" value="C:\Users\Kloody\Documents\NetBeansProjects\java_journey\target\test-classes;C:\Users\Kloody\Documents\NetBeansProjects\java_journey\target\classes;C:\Users\Kloody\.m2\repository\org\junit\jupiter\junit-jupiter-api\5.6.0\junit-jupiter-api-5.6.0.jar;C:\Users\Kloody\.m2\repository\org\apiguardian\apiguardian-api\1.1.0\apiguardian-api-1.1.0.jar;C:\Users\Kloody\.m2\repository\org\opentest4j\opentest4j\1.2.0\opentest4j-1.2.0.jar;C:\Users\Kloody\.m2\repository\org\junit\platform\junit-platform-commons\1.6.0\junit-platform-commons-1.6.0.jar;C:\Users\Kloody\.m2\repository\org\junit\jupiter\junit-jupiter-params\5.6.0\junit-jupiter-params-5.6.0.jar;C:\Users\Kloody\.m2\repository\org\junit\jupiter\junit-jupiter-engine\5.6.0\junit-jupiter-engine-5.6.0.jar;C:\Users\Kloody\.m2\repository\org\junit\platform\junit-platform-engine\1.6.0\junit-platform-engine-1.6.0.jar;"/>
    <property name="java.vm.vendor" value="Eclipse Adoptium"/>
    <property name="sun.arch.data.model" value="64"/>
    <property name="user.variant" value=""/>
    <property name="java.vendor.url" value="https://adoptium.net/"/>
    <property name="user.timezone" value="Europe/Warsaw"/>
    <property name="user.country.format" value="KG"/>
    <property name="os.name" value="Windows 10"/>
    <property name="java.vm.specification.version" value="17"/>
    <property name="user.country" value="RU"/>
    <property name="sun.java.launcher" value="SUN_STANDARD"/>
    <property name="sun.boot.library.path" value="C:\Users\Kloody\.jdks\temurin-17.0.4.1\bin"/>
    <property name="sun.java.command" value="C:\Users\Kloody\AppData\Local\Temp\surefire3545342757033045645\surefirebooter8574136381497306543.jar C:\Users\Kloody\AppData\Local\Temp\surefire3545342757033045645 2022-12-31T10-48-30_560-jvmRun1 surefire4493585145032958647tmp surefire_012702356685834327232tmp"/>
    <property name="jdk.debug" value="release"/>
    <property name="test" value="testing.Testing"/>
    <property name="surefire.test.class.path" value="C:\Users\Kloody\Documents\NetBeansProjects\java_journey\target\test-classes;C:\Users\Kloody\Documents\NetBeansProjects\java_journey\target\classes;C:\Users\Kloody\.m2\repository\org\junit\jupiter\junit-jupiter-api\5.6.0\junit-jupiter-api-5.6.0.jar;C:\Users\Kloody\.m2\repository\org\apiguardian\apiguardian-api\1.1.0\apiguardian-api-1.1.0.jar;C:\Users\Kloody\.m2\repository\org\opentest4j\opentest4j\1.2.0\opentest4j-1.2.0.jar;C:\Users\Kloody\.m2\repository\org\junit\platform\junit-platform-commons\1.6.0\junit-platform-commons-1.6.0.jar;C:\Users\Kloody\.m2\repository\org\junit\jupiter\junit-jupiter-params\5.6.0\junit-jupiter-params-5.6.0.jar;C:\Users\Kloody\.m2\repository\org\junit\jupiter\junit-jupiter-engine\5.6.0\junit-jupiter-engine-5.6.0.jar;C:\Users\Kloody\.m2\repository\org\junit\platform\junit-platform-engine\1.6.0\junit-platform-engine-1.6.0.jar;"/>
    <property name="sun.cpu.endian" value="little"/>
    <property name="user.home" value="C:\Users\Kloody"/>
    <property name="user.language" value="ru"/>
    <property name="java.specification.vendor" value="Oracle Corporation"/>
    <property name="java.version.date" value="2022-08-12"/>
    <property name="java.home" value="C:\Users\Kloody\.jdks\temurin-17.0.4.1"/>
    <property name="file.separator" value="\"/>
    <property name="basedir" value="C:\Users\Kloody\Documents\NetBeansProjects\java_journey"/>
    <property name="java.vm.compressedOopsMode" value="32-bit"/>
    <property name="line.separator" value="&#10;"/>
    <property name="java.vm.specification.vendor" value="Oracle Corporation"/>
    <property name="java.specification.name" value="Java Platform API Specification"/>
    <property name="surefire.real.class.path" value="C:\Users\Kloody\AppData\Local\Temp\surefire3545342757033045645\surefirebooter8574136381497306543.jar"/>
    <property name="user.script" value=""/>
    <property name="sun.management.compiler" value="HotSpot 64-Bit Tiered Compilers"/>
    <property name="java.runtime.version" value="17.0.4.1+1"/>
    <property name="user.name" value="Kloody"/>
    <property name="path.separator" value=";"/>
    <property name="os.version" value="10.0"/>
    <property name="java.runtime.name" value="OpenJDK Runtime Environment"/>
    <property name="file.encoding" value="UTF-8"/>
    <property name="java.vm.name" value="OpenJDK 64-Bit Server VM"/>
    <property name="java.vendor.version" value="Temurin-17.0.4.1+1"/>
    <property name="maven.ext.class.path" value="C:\Program Files\NetBeans-15\netbeans\java\maven-nblib\netbeans-eventspy.jar"/>
    <property name="localRepository" value="C:\Users\Kloody\.m2\repository"/>
    <property name="java.vendor.url.bug" value="https://github.com/adoptium/adoptium-support/issues"/>
    <property name="java.io.tmpdir" value="C:\Users\Kloody\AppData\Local\Temp\"/>
    <property name="java.version" value="17.0.4.1"/>
    <property name="user.dir" value="C:\Users\Kloody\Documents\NetBeansProjects\java_journey"/>
    <property name="os.arch" value="amd64"/>
    <property name="java.vm.specification.name" value="Java Virtual Machine Specification"/>
    <property name="sun.os.patch.level" value=""/>
    <property name="native.encoding" value="Cp1251"/>
    <property name="java.library.path" value="C:\Users\Kloody\.jdks\temurin-17.0.4.1\bin;C:\Windows\Sun\Java\bin;C:\Windows\system32;C:\Windows;C:\Python311\Scripts\;C:\Python311\;C:\Program Files (x86)\Common Files\Oracle\Java\javapath;C:\Windows\system32;C:\Windows;C:\Windows\System32\Wbem;C:\Windows\System32\WindowsPowerShell\v1.0\;C:\Windows\System32\OpenSSH\;C:\Program Files\Git\cmd;C:\Program Files\dotnet\;C:\Program Files\nodejs\;C:\ProgramData\chocolatey\bin;C:\Users\Kloody\AppData\Local\Microsoft\WindowsApps;C:\Program Files\JetBrains\IntelliJ IDEA 2022.2.2\bin;;C:\Users\Kloody\AppData\Local\GitHubDesktop\bin;C:\Users\Kloody\AppData\Local\Programs\Microsoft VS Code\bin;C:\Program Files\Java\jdk1.8.0_333\bin;C:\Users\Kloody\.dotnet\tools;C:\Users\Kloody\AppData\Roaming\npm;."/>
    <property name="java.vm.info" value="mixed mode, sharing"/>
    <property name="java.vendor" value="Eclipse Adoptium"/>
    <property name="java.vm.version" value="17.0.4.1+1"/>
    <property name="sun.io.unicode.encoding" value="UnicodeLittle"/>
    <property name="java.class.version" value="61.0"/>
  </properties>
  <testcase name="properEncryptionStandardScenario2" classname="testing.Testing" time="0.035"/>
  <testcase name="rightGenerationOfKeywordTest{int}[1]" classname="testing.Testing" time="0.021"/>
  <testcase name="rightGenerationOfKeywordTest{int}[2]" classname="testing.Testing" time="0.001"/>
  <testcase name="rightGenerationOfKeywordTest{int}[3]" classname="testing.Testing" time="0"/>
  <testcase name="rightGenerationOfKeywordTest{int}[4]" classname="testing.Testing" time="0.001"/>
  <testcase name="rightGenerationOfKeywordTest{int}[5]" classname="testing.Testing" time="0"/>
  <testcase name="properEncryptionStandardScenario" classname="testing.Testing" time="0.002"/>
  <testcase name="argsHandlerTest" classname="testing.Testing" time="0.001"/>
  <testcase name="keywordAndMessageHandlerShouldThrowException" classname="testing.Testing" time="0.002"/>
  <testcase name="properDecryptionStandardScenario" classname="testing.Testing" time="0"/>
  <testcase name="properDecryptionStandardScenario2" classname="testing.Testing" time="0"/>
  <testcase name="argsHandlerTestOfIllegals{String}[1]" classname="testing.Testing" time="0.001"/>
  <testcase name="argsHandlerTestOfIllegals{String}[2]" classname="testing.Testing" time="0.001"/>
  <testcase name="argsHandlerTestOfIllegals{String}[3]" classname="testing.Testing" time="0"/>
  <testcase name="argsHandlerTestOfIllegals{String}[4]" classname="testing.Testing" time="0.001"/>
  <testcase name="argsHandlerTestOfIllegals{String}[5]" classname="testing.Testing" time="0"/>
  <testcase name="argsHandlerTestOfIllegals{String}[6]" classname="testing.Testing" time="0.001"/>
  <testcase name="argsHandlerTestOfIllegals{String}[7]" classname="testing.Testing" time="0.001"/>
</testsuite>